-------------------------------------------------------------------------------
Test set: util.Vector_ESTest
-------------------------------------------------------------------------------
Tests run: 53, Failures: 0, Errors: 31, Skipped: 0, Time elapsed: 10.178 sec <<< FAILURE! - in util.Vector_ESTest
test38(util.Vector_ESTest)  Time elapsed: 0.086 sec  <<< ERROR!
java.lang.ArrayIndexOutOfBoundsException: null
	at java.lang.System.arraycopy(Native Method)
	at util.Vector.removeRange(Vector.java:1105)
	at util.Vector_ESTest.test38(Vector_ESTest.java:623)

test35(util.Vector_ESTest)  Time elapsed: 0.007 sec  <<< ERROR!
java.lang.ArrayIndexOutOfBoundsException: -1345
	at util.Vector.get(Vector.java:781)
	at util.Vector_ESTest.test35(Vector_ESTest.java:561)

test33(util.Vector_ESTest)  Time elapsed: 0.009 sec  <<< ERROR!
org.evosuite.runtime.mock.java.lang.MockArrayIndexOutOfBoundsException: Array index out of range: 2262
	at util.Vector.get(Vector.java:779)
	at util.Vector_ESTest.test33(Vector_ESTest.java:535)

test32(util.Vector_ESTest)  Time elapsed: 0.007 sec  <<< ERROR!
org.evosuite.runtime.mock.java.lang.MockArrayIndexOutOfBoundsException: Array index out of range: 0
	at util.Vector.get(Vector.java:779)
	at util.Vector_ESTest.test32(Vector_ESTest.java:516)

test31(util.Vector_ESTest)  Time elapsed: 0.009 sec  <<< ERROR!
java.lang.IndexOutOfBoundsException:  >= 
	at util.Vector.lastIndexOf(Vector.java:431)
	at util.Vector_ESTest.test31(Vector_ESTest.java:510)

test27(util.Vector_ESTest)  Time elapsed: 0.007 sec  <<< ERROR!
org.evosuite.runtime.mock.java.lang.MockArrayIndexOutOfBoundsException: >
	at util.Vector.insertElementAt(Vector.java:612)
	at util.Vector_ESTest.test27(Vector_ESTest.java:449)

test26(util.Vector_ESTest)  Time elapsed: 0.007 sec  <<< ERROR!
org.evosuite.runtime.mock.java.lang.MockIllegalArgumentException: Illegal Capacity: -1
	at util.Vector.<init>(Vector.java:124)
	at util.Vector_ESTest.test26(Vector_ESTest.java:426)

test24(util.Vector_ESTest)  Time elapsed: 0.006 sec  <<< ERROR!
org.evosuite.runtime.mock.java.lang.MockArrayIndexOutOfBoundsException: 0 >= 0
	at util.Vector.elementAt(Vector.java:465)
	at util.Vector_ESTest.test24(Vector_ESTest.java:402)

test23(util.Vector_ESTest)  Time elapsed: 0.009 sec  <<< ERROR!
org.evosuite.runtime.mock.java.lang.MockIllegalArgumentException: Illegal Capacity: -1236
	at util.Vector.<init>(Vector.java:124)
	at util.Vector.<init>(Vector.java:140)
	at util.Vector_ESTest.test23(Vector_ESTest.java:382)

test22(util.Vector_ESTest)  Time elapsed: 0.011 sec  <<< ERROR!
java.util.NoSuchElementException: null
	at util.Vector.lastElement(Vector.java:499)
	at util.Vector_ESTest.test22(Vector_ESTest.java:373)

test21(util.Vector_ESTest)  Time elapsed: 0.01 sec  <<< ERROR!
org.evosuite.runtime.mock.java.lang.MockArrayIndexOutOfBoundsException: 0 >= 0
	at util.Vector.setElementAt(Vector.java:532)
	at util.Vector_ESTest.test21(Vector_ESTest.java:349)

test20(util.Vector_ESTest)  Time elapsed: 0.007 sec  <<< ERROR!
org.evosuite.runtime.mock.java.lang.MockArrayIndexOutOfBoundsException: >
	at util.Vector.insertElementAt(Vector.java:612)
	at util.Vector_ESTest.test20(Vector_ESTest.java:335)

test29(util.Vector_ESTest)  Time elapsed: 0.007 sec  <<< ERROR!
java.lang.ArrayIndexOutOfBoundsException: -2310
	at util.Vector.set(Vector.java:802)
	at util.Vector_ESTest.test29(Vector_ESTest.java:495)

test28(util.Vector_ESTest)  Time elapsed: 0.008 sec  <<< ERROR!
org.evosuite.runtime.mock.java.lang.MockArrayIndexOutOfBoundsException: 0 >= 0
	at util.Vector.elementAt(Vector.java:465)
	at util.Vector_ESTest.test28(Vector_ESTest.java:474)

test15(util.Vector_ESTest)  Time elapsed: 0.007 sec  <<< ERROR!
java.lang.NullPointerException: null
	at util.Vector.toArray(Vector.java:751)
	at util.Vector_ESTest.test15(Vector_ESTest.java:249)

test14(util.Vector_ESTest)  Time elapsed: 0.01 sec  <<< ERROR!
java.lang.ArrayIndexOutOfBoundsException: -2642
	at util.Vector.insertElementAt(Vector.java:616)
	at util.Vector_ESTest.test14(Vector_ESTest.java:238)

test13(util.Vector_ESTest)  Time elapsed: 0.005 sec  <<< ERROR!
org.evosuite.runtime.mock.java.lang.MockArrayIndexOutOfBoundsException: 1 >= 0
	at util.Vector.elementAt(Vector.java:465)
	at util.Vector_ESTest.test13(Vector_ESTest.java:227)

test10(util.Vector_ESTest)  Time elapsed: 0.012 sec  <<< ERROR!
org.evosuite.runtime.mock.java.lang.MockArrayIndexOutOfBoundsException: 0 >= 0
	at util.Vector.setElementAt(Vector.java:532)
	at util.Vector_ESTest.test10(Vector_ESTest.java:181)

test17(util.Vector_ESTest)  Time elapsed: 0.012 sec  <<< ERROR!
java.lang.NullPointerException: null
	at java.util.Objects.requireNonNull(Objects.java:203)
	at java.util.AbstractCollection.removeAll(AbstractCollection.java:371)
	at util.Vector.removeAll(Vector.java:954)
	at util.Vector_ESTest.test17(Vector_ESTest.java:293)

test52(util.Vector_ESTest)  Time elapsed: 0.013 sec  <<< ERROR!
java.lang.ArrayIndexOutOfBoundsException: -2533
	at util.Vector.indexOf(Vector.java:385)
	at util.Vector_ESTest.test52(Vector_ESTest.java:857)

test05(util.Vector_ESTest)  Time elapsed: 0.013 sec  <<< ERROR!
org.evosuite.runtime.mock.java.lang.MockArrayIndexOutOfBoundsException: 0 >= 0
	at util.Vector.elementAt(Vector.java:465)
	at util.Vector_ESTest.test05(Vector_ESTest.java:113)

test03(util.Vector_ESTest)  Time elapsed: 0.011 sec  <<< ERROR!
java.util.NoSuchElementException: null
	at util.Vector.lastElement(Vector.java:499)
	at util.Vector_ESTest.test03(Vector_ESTest.java:85)

test47(util.Vector_ESTest)  Time elapsed: 0.007 sec  <<< ERROR!
java.util.NoSuchElementException: null
	at util.Vector.firstElement(Vector.java:483)
	at util.Vector_ESTest.test47(Vector_ESTest.java:761)

test01(util.Vector_ESTest)  Time elapsed: 0.007 sec  <<< ERROR!
org.evosuite.runtime.mock.java.lang.MockIllegalArgumentException: Illegal Capacity: -2476
	at util.Vector.<init>(Vector.java:124)
	at util.Vector.<init>(Vector.java:140)
	at util.Vector_ESTest.test01(Vector_ESTest.java:62)

test45(util.Vector_ESTest)  Time elapsed: 0.007 sec  <<< ERROR!
org.evosuite.runtime.mock.java.lang.MockArrayIndexOutOfBoundsException:  >= 
	at util.Vector.removeElementAt(Vector.java:564)
	at util.Vector_ESTest.test45(Vector_ESTest.java:727)

test00(util.Vector_ESTest)  Time elapsed: 0.007 sec  <<< ERROR!
java.lang.ArrayIndexOutOfBoundsException: null
	at java.lang.System.arraycopy(Native Method)
	at util.Vector.removeRange(Vector.java:1105)
	at util.Vector_ESTest.test00(Vector_ESTest.java:52)

test44(util.Vector_ESTest)  Time elapsed: 0.005 sec  <<< ERROR!
org.evosuite.runtime.mock.java.lang.MockArrayIndexOutOfBoundsException: Array index out of range: 4522
	at util.Vector.addAll(Vector.java:996)
	at util.Vector_ESTest.test44(Vector_ESTest.java:707)

test42(util.Vector_ESTest)  Time elapsed: 0.016 sec  <<< ERROR!
java.util.NoSuchElementException: null
	at util.Vector.lastElement(Vector.java:499)
	at util.Vector_ESTest.test42(Vector_ESTest.java:675)

test09(util.Vector_ESTest)  Time elapsed: 0.199 sec  <<< ERROR!
org.evosuite.runtime.mock.java.lang.MockArrayIndexOutOfBoundsException:  >= 
	at util.Vector.removeElementAt(Vector.java:564)
	at util.Vector_ESTest.test09(Vector_ESTest.java:160)

test41(util.Vector_ESTest)  Time elapsed: 0.005 sec  <<< ERROR!
org.evosuite.runtime.mock.java.lang.MockArrayIndexOutOfBoundsException: Array index out of range: 10
	at util.Vector.get(Vector.java:779)
	at util.Vector_ESTest.test41(Vector_ESTest.java:667)

test40(util.Vector_ESTest)  Time elapsed: 0.006 sec  <<< ERROR!
java.lang.IndexOutOfBoundsException:  >= 
	at util.Vector.lastIndexOf(Vector.java:431)
	at util.Vector_ESTest.test40(Vector_ESTest.java:652)

